[INFO] [10:24 10:33:53] [StartupInfoLogger.java:55] Starting GraphqlApiApplicationKt using Java 18.0.1.1 on wonderbook with PID 12600 (/home/roma/workspace/Mastery/SimpleGraphql/build/classes/kotlin/main started by roma in /home/roma/workspace/Mastery/SimpleGraphql)
[INFO] [10:24 10:33:53] [SpringApplication.java:634] No active profile set, falling back to 1 default profile: "default"
[INFO] [10:24 10:33:54] [RepositoryConfigurationDelegate.java:132] Bootstrapping Spring Data JPA repositories in DEFAULT mode.
[INFO] [10:24 10:33:54] [RepositoryConfigurationDelegate.java:201] Finished Spring Data repository scanning in 129 ms. Found 1 JPA repository interfaces.
[INFO] [10:24 10:33:56] [TomcatWebServer.java:108] Tomcat initialized with port(s): 8080 (http)
[INFO] [10:24 10:33:56] [DirectJDKLog.java:173] Initializing ProtocolHandler ["http-nio-8080"]
[INFO] [10:24 10:33:56] [DirectJDKLog.java:173] Starting service [Tomcat]
[INFO] [10:24 10:33:56] [DirectJDKLog.java:173] Starting Servlet engine: [Apache Tomcat/9.0.68]
[INFO] [10:24 10:33:56] [DirectJDKLog.java:173] Initializing Spring embedded WebApplicationContext
[INFO] [10:24 10:33:56] [ServletWebServerApplicationContext.java:292] Root WebApplicationContext: initialization completed in 3115 ms
[INFO] [10:24 10:33:56] [HikariDataSource.java:110] HikariPool-1 - Starting...
[INFO] [10:24 10:33:58] [HikariDataSource.java:123] HikariPool-1 - Start completed.
[INFO] [10:24 10:33:59] [LogHelper.java:31] HHH000204: Processing PersistenceUnitInfo [name: default]
[INFO] [10:24 10:33:59] [Version.java:44] HHH000412: Hibernate ORM core version 5.6.12.Final
[INFO] [10:24 10:33:59] [JavaReflectionManager.java:56] HCANN000001: Hibernate Commons Annotations {5.1.2.Final}
[INFO] [10:24 10:33:59] [Dialect.java:175] HHH000400: Using dialect: org.hibernate.dialect.PostgreSQL10Dialect
[INFO] [10:24 10:33:59] [JtaPlatformInitiator.java:52] HHH000490: Using JtaPlatform implementation: [org.hibernate.engine.transaction.jta.platform.internal.NoJtaPlatform]
[INFO] [10:24 10:33:59] [AbstractEntityManagerFactoryBean.java:437] Initialized JPA EntityManagerFactory for persistence unit 'default'
[WARN] [10:24 10:34:00] [JpaBaseConfiguration.java:219] spring.jpa.open-in-view is enabled by default. Therefore, database queries may be performed during view rendering. Explicitly configure spring.jpa.open-in-view to disable this warning
[INFO] [10:24 10:34:00] [GraphQlWebMvcAutoConfiguration.java:114] GraphQL endpoint HTTP POST /graphql
[INFO] [10:24 10:34:01] [DirectJDKLog.java:173] Starting ProtocolHandler ["http-nio-8080"]
[INFO] [10:24 10:34:01] [TomcatWebServer.java:220] Tomcat started on port(s): 8080 (http) with context path ''
[INFO] [10:24 10:34:01] [StartupInfoLogger.java:61] Started GraphqlApiApplicationKt in 8.414 seconds (JVM running for 9.723)
[INFO] [10:24 10:35:53] [DirectJDKLog.java:173] Initializing Spring DispatcherServlet 'dispatcherServlet'
[INFO] [10:24 10:35:53] [FrameworkServlet.java:525] Initializing Servlet 'dispatcherServlet'
[INFO] [10:24 10:35:53] [FrameworkServlet.java:547] Completed initialization in 2 ms
[INFO] [10:24 10:37:16] [EmployeeController.kt:20] EmployeeById id=5
[INFO] [10:24 10:37:16] [EmployeeServiceImpl.kt:21] Service: getById
[INFO] [10:24 10:37:29] [AbstractEntityManagerFactoryBean.java:651] Closing JPA EntityManagerFactory for persistence unit 'default'
[INFO] [10:24 10:37:29] [HikariDataSource.java:350] HikariPool-1 - Shutdown initiated...
[INFO] [10:24 10:37:29] [HikariDataSource.java:352] HikariPool-1 - Shutdown completed.
